#
# A fatal error has been detected by the Java Runtime Environment:
#
#  EXCEPTION_ACCESS_VIOLATION (0xc0000005) at pc=0x00007ffcb08aa469, pid=6932, tid=11280
#
# JRE version: OpenJDK Runtime Environment (11.0.10) (build 11.0.10+0-b96-7249189)
# Java VM: OpenJDK 64-Bit Server VM (11.0.10+0-b96-7249189, mixed mode, tiered, compressed oops, g1 gc, windows-amd64)
# Problematic frame:
# V  [jvm.dll+0x2da469]
#
# No core dump will be written. Minidumps are not enabled by default on client versions of Windows
#
# If you would like to submit a bug report, please visit:
#   https://bugreport.java.com/bugreport/crash.jsp
#

---------------  S U M M A R Y ------------

Command Line: --add-opens=java.base/java.util=ALL-UNNAMED --add-opens=java.base/java.lang=ALL-UNNAMED --add-opens=java.base/java.lang.invoke=ALL-UNNAMED --add-opens=java.base/java.util=ALL-UNNAMED --add-opens=java.prefs/java.util.prefs=ALL-UNNAMED --add-opens=java.prefs/java.util.prefs=ALL-UNNAMED --add-opens=java.base/java.nio.charset=ALL-UNNAMED --add-opens=java.base/java.net=ALL-UNNAMED --add-opens=java.base/java.util.concurrent.atomic=ALL-UNNAMED -Xmx2048m -Dfile.encoding=UTF-8 -Duser.country=ES -Duser.language=es -Duser.variant org.gradle.launcher.daemon.bootstrap.GradleDaemon 7.0.2

Host: Intel(R) Celeron(R) CPU  N3060  @ 1.60GHz, 2 cores, 3G,  Windows 10 , 64 bit Build 19041 (10.0.19041.1348)
Time: Tue Nov 30 16:56:27 2021 Hora estándar Montañas (México) elapsed time: 375.677098 seconds (0d 0h 6m 15s)

---------------  T H R E A D  ---------------

Current thread (0x00000256ba0c9000):  ConcurrentGCThread "G1 Conc#0" [stack: 0x000000742ea00000,0x000000742eb00000] [id=11280]

Stack: [0x000000742ea00000,0x000000742eb00000],  sp=0x000000742eaff2a0,  free space=1020k
Native frames: (J=compiled Java code, j=interpreted, Vv=VM code, C=native code)
V  [jvm.dll+0x2da469]
V  [jvm.dll+0x2da396]
V  [jvm.dll+0x2d21ed]
V  [jvm.dll+0x2d1aa1]
V  [jvm.dll+0x2dffcf]
V  [jvm.dll+0x2e1d8b]
V  [jvm.dll+0x2e395b]
V  [jvm.dll+0x2e2579]
V  [jvm.dll+0x2e6b46]
V  [jvm.dll+0x748da0]
V  [jvm.dll+0x6e3d45]
V  [jvm.dll+0x5ebe96]
C  [ucrtbase.dll+0x21bb2]
C  [KERNEL32.DLL+0x17034]
C  [ntdll.dll+0x52651]


siginfo: EXCEPTION_ACCESS_VIOLATION (0xc0000005), reading address 0x0000000000000160


Register to memory mapping:

RIP=0x00007ffcb08aa469 jvm.dll
RAX=0x00000256ba0a7380 points into unknown readable memory: 0x0000000000000000 | 00 00 00 00 00 00 00 00
RBX=0x0000000000000200 is an unknown value
RCX=0x00000256ba0bed40 points into unknown readable memory: 0x00000256ba0c7800 | 00 78 0c ba 56 02 00 00
RDX=0x0 is NULL
RSP=0x000000742eaff2a0 points into unknown readable memory: 0x0000000000000058 | 58 00 00 00 00 00 00 00
RBP=0x00000256ba0bed40 points into unknown readable memory: 0x00000256ba0c7800 | 00 78 0c ba 56 02 00 00
RSI=0x000000010002a3e0 is pointing into metadata
RDI=0x0000000000000200 is an unknown value
R8 =0x0 is NULL
R9 =0x0000000000000200 is an unknown value
R10=0x00000256ba0bed40 points into unknown readable memory: 0x00000256ba0c7800 | 00 78 0c ba 56 02 00 00
R11=0x00000256cf370000 points into unknown readable memory: 0x20120a45120a0001 | 01 00 0a 12 45 0a 12 20
R12=0x000000000000000c is an unknown value
R13=0xaaaaaaaaaaaaaaab is an unknown value
R14=0x0 is NULL
R15=0x0000000085876eb8 is an oop: java.io.File 
{0x0000000085876eb8} - klass: 'java/io/File'


Registers:
RAX=0x00000256ba0a7380, RBX=0x0000000000000200, RCX=0x00000256ba0bed40, RDX=0x0000000000000000
RSP=0x000000742eaff2a0, RBP=0x00000256ba0bed40, RSI=0x000000010002a3e0, RDI=0x0000000000000200
R8 =0x0000000000000000, R9 =0x0000000000000200, R10=0x00000256ba0bed40, R11=0x00000256cf370000
R12=0x000000000000000c, R13=0xaaaaaaaaaaaaaaab, R14=0x0000000000000000, R15=0x0000000085876eb8
RIP=0x00007ffcb08aa469, EFLAGS=0x0000000000010206

Top of Stack: (sp=0x000000742eaff2a0)
0x000000742eaff2a0:   0000000000000058 0000000000000001
0x000000742eaff2b0:   0000000000000058 0000000000000001
0x000000742eaff2c0:   000000010002a3e8 00007ffcb08aa396
0x000000742eaff2d0:   000000010002a3e0 0000000085876ed8
0x000000742eaff2e0:   00000256ba0cbd50 000000742eaff4a8
0x000000742eaff2f0:   0000000000000000 000000742eaff4a8
0x000000742eaff300:   0000000085876ed4 00007ffcb08a21ed
0x000000742eaff310:   0000000000000004 0000000085876ed0
0x000000742eaff320:   0000000085876840 000000008587686c
0x000000742eaff330:   000000742eaff480 00000256ba0c9701
0x000000742eaff340:   000000010002a040 00007ffcb08a1aa1
0x000000742eaff350:   0000000000000004 000000742eaff4a8
0x000000742eaff360:   0000000085876eb8 000000742eaff480
0x000000742eaff370:   0000000085876eb8 00007ffcb08affcf
0x000000742eaff380:   00000256ba0cbd50 0000000000b20000
0x000000742eaff390:   000000742eaff480 0000000000000000 

Instructions: (pc=0x00007ffcb08aa469)
0x00007ffcb08aa369:   00 00 00 00 48 8b fa 4c 8b ca 49 8b 42 08 8b 53
0x00007ffcb08aa379:   10 8b 88 c0 02 00 00 48 8b 80 b0 02 00 00 49 d3
0x00007ffcb08aa389:   e8 49 8b ca 4e 8b 04 c0 e8 ba 00 00 00 84 c0 75
0x00007ffcb08aa399:   0b 48 8b 5c 24 48 48 83 c4 30 5f c3 48 8b 43 20
0x00007ffcb08aa3a9:   48 8b 88 d8 02 00 00 48 8b 83 98 00 00 00 48 85
0x00007ffcb08aa3b9:   c0 74 0e 48 3b f8 72 0e 48 3b bb a0 00 00 00 72
0x00007ffcb08aa3c9:   77 48 3b f9 73 72 80 3d c2 d1 71 00 00 74 15 8b
0x00007ffcb08aa3d9:   47 08 8b 0d 37 47 6d 00 48 d3 e0 48 03 05 25 47
0x00007ffcb08aa3e9:   6d 00 eb 04 48 8b 47 08 81 78 08 00 00 00 c0 72
0x00007ffcb08aa3f9:   35 48 8b 83 b0 00 00 00 48 39 83 a8 00 00 00 73
0x00007ffcb08aa409:   10 48 8b 83 c8 00 00 00 48 39 83 c0 00 00 00 72
0x00007ffcb08aa419:   27 48 8b cb e8 0e a4 00 00 b0 01 48 8b 5c 24 48
0x00007ffcb08aa429:   48 83 c4 30 5f c3 48 8d 54 24 40 48 89 7c 24 40
0x00007ffcb08aa439:   48 8b cb e8 ff 18 00 00 b0 01 48 8b 5c 24 48 48
0x00007ffcb08aa449:   83 c4 30 5f c3 cc cc 48 89 5c 24 18 48 89 6c 24
0x00007ffcb08aa459:   20 41 56 48 83 ec 20 49 8b d9 44 8b f2 48 8b e9
0x00007ffcb08aa469:   4d 3b 88 60 01 00 00 72 13 32 c0 48 8b 5c 24 40
0x00007ffcb08aa479:   48 8b 6c 24 48 48 83 c4 20 41 5e c3 48 8b 81 90
0x00007ffcb08aa489:   00 00 00 48 8b d3 48 89 74 24 30 48 2b 10 8b 48
0x00007ffcb08aa499:   10 48 c1 ea 03 48 d3 ea 48 8d 48 18 e8 c6 38 e3
0x00007ffcb08aa4a9:   ff 0f b6 f0 84 c0 74 6f 48 89 7c 24 38 48 8b 7c
0x00007ffcb08aa4b9:   24 50 48 85 ff 75 2d 40 38 3d d1 d0 71 00 74 15
0x00007ffcb08aa4c9:   8b 53 08 8b 0d 46 46 6d 00 48 d3 e2 48 03 15 34
0x00007ffcb08aa4d9:   46 6d 00 eb 04 48 8b 53 08 48 8b cb e8 f6 24 eb
0x00007ffcb08aa4e9:   ff 48 63 f8 48 8b 85 f0 02 00 00 8b 0d be d6 71
0x00007ffcb08aa4f9:   00 4a 8b 14 f0 48 8b 42 18 48 8b 40 10 48 2b d8
0x00007ffcb08aa509:   48 d3 eb 48 8d 4a 38 8b d3 e8 c9 e4 ff ff 48 01
0x00007ffcb08aa519:   78 08 48 8b 7c 24 38 48 8b 5c 24 40 40 0f b6 c6
0x00007ffcb08aa529:   48 8b 74 24 30 48 8b 6c 24 48 48 83 c4 20 41 5e
0x00007ffcb08aa539:   c3 cc cc cc cc cc cc 4c 8b 81 b8 02 00 00 48 8b
0x00007ffcb08aa549:   81 a8 02 00 00 8b 91 c0 02 00 00 49 03 c0 8b ca
0x00007ffcb08aa559:   48 d3 e0 49 d3 e0 49 2b c0 48 83 e0 f8 c3 cc cc 


Stack slot to memory mapping:
stack at sp + 0 slots: 0x0000000000000058 is an unknown value
stack at sp + 1 slots: 0x0000000000000001 is an unknown value
stack at sp + 2 slots: 0x0000000000000058 is an unknown value
stack at sp + 3 slots: 0x0000000000000001 is an unknown value
stack at sp + 4 slots: 0x000000010002a3e8 is a pointer to class: 
java.io.DefaultFileSystem {0x000000010002a3f0}
stack at sp + 5 slots: 0x00007ffcb08aa396 jvm.dll
stack at sp + 6 slots: 0x000000010002a3e0 is pointing into metadata
stack at sp + 7 slots: 0x0000000085876ed8 is an oop: java.lang.String 
{0x0000000085876ed8} - klass: 'java/lang/String'


---------------  P R O C E S S  ---------------

Threads class SMR info:
_java_thread_list=0x00000256da5f7b60, length=49, elements={
0x00000256ba07f000, 0x00000256d3701800, 0x00000256d3703800, 0x00000256d375d800,
0x00000256d3760000, 0x00000256d3762800, 0x00000256d3767800, 0x00000256d376c800,
0x00000256d3779000, 0x00000256d41e9800, 0x00000256d572a800, 0x00000256d51a3800,
0x00000256d5433800, 0x00000256d4b9f800, 0x00000256d5a89000, 0x00000256d5031800,
0x00000256d550e800, 0x00000256d59f8800, 0x00000256d5024000, 0x00000256d5026800,
0x00000256d5025000, 0x00000256d5023800, 0x00000256d5022800, 0x00000256d5029000,
0x00000256d5026000, 0x00000256d5027800, 0x00000256d5028000, 0x00000256d5043800,
0x00000256d5047800, 0x00000256d5046000, 0x00000256d5042800, 0x00000256d5049000,
0x00000256d504a000, 0x00000256d5048000, 0x00000256d5044000, 0x00000256d504a800,
0x00000256d5050800, 0x00000256d5051000, 0x00000256d504f800, 0x00000256d504c800,
0x00000256d504b800, 0x00000256d504d000, 0x00000256dca89000, 0x00000256dca8a000,
0x00000256dca84000, 0x00000256dca88000, 0x00000256dca87800, 0x00000256dca85000,
0x00000256dca8a800
}

Java Threads: ( => current thread )
  0x00000256ba07f000 JavaThread "main" [_thread_blocked, id=5776, stack(0x000000742e700000,0x000000742e800000)]
  0x00000256d3701800 JavaThread "Reference Handler" daemon [_thread_blocked, id=7092, stack(0x000000742ee00000,0x000000742ef00000)]
  0x00000256d3703800 JavaThread "Finalizer" daemon [_thread_blocked, id=12256, stack(0x000000742ef00000,0x000000742f000000)]
  0x00000256d375d800 JavaThread "Signal Dispatcher" daemon [_thread_blocked, id=7468, stack(0x000000742f000000,0x000000742f100000)]
  0x00000256d3760000 JavaThread "Attach Listener" daemon [_thread_blocked, id=6092, stack(0x000000742f100000,0x000000742f200000)]
  0x00000256d3762800 JavaThread "Service Thread" daemon [_thread_blocked, id=8144, stack(0x000000742f200000,0x000000742f300000)]
  0x00000256d3767800 JavaThread "C2 CompilerThread0" daemon [_thread_blocked, id=11240, stack(0x000000742f300000,0x000000742f400000)]
  0x00000256d376c800 JavaThread "C1 CompilerThread0" daemon [_thread_blocked, id=11740, stack(0x000000742f400000,0x000000742f500000)]
  0x00000256d3779000 JavaThread "Sweeper thread" daemon [_thread_blocked, id=6004, stack(0x000000742f500000,0x000000742f600000)]
  0x00000256d41e9800 JavaThread "Common-Cleaner" daemon [_thread_blocked, id=9616, stack(0x000000742f600000,0x000000742f700000)]
  0x00000256d572a800 JavaThread "Daemon health stats" [_thread_blocked, id=5152, stack(0x000000742f900000,0x000000742fa00000)]
  0x00000256d51a3800 JavaThread "Incoming local TCP Connector on port 54453" [_thread_in_native, id=9052, stack(0x000000742fa00000,0x000000742fb00000)]
  0x00000256d5433800 JavaThread "Daemon periodic checks" [_thread_blocked, id=504, stack(0x000000742fb00000,0x000000742fc00000)]
  0x00000256d4b9f800 JavaThread "Daemon" [_thread_blocked, id=8452, stack(0x000000742fc00000,0x000000742fd00000)]
  0x00000256d5a89000 JavaThread "Handler for socket connection from /127.0.0.1:54453 to /127.0.0.1:54455" [_thread_in_native, id=10856, stack(0x000000742fd00000,0x000000742fe00000)]
  0x00000256d5031800 JavaThread "Cancel handler" [_thread_blocked, id=6840, stack(0x000000742fe00000,0x000000742ff00000)]
  0x00000256d550e800 JavaThread "Daemon worker" [_thread_blocked, id=3224, stack(0x000000742ff00000,0x0000007430000000)]
  0x00000256d59f8800 JavaThread "Asynchronous log dispatcher for DefaultDaemonConnection: socket connection from /127.0.0.1:54453 to /127.0.0.1:54455" [_thread_blocked, id=12192, stack(0x0000007430000000,0x0000007430100000)]
  0x00000256d5024000 JavaThread "Daemon client event forwarder" [_thread_blocked, id=7624, stack(0x0000007430200000,0x0000007430300000)]
  0x00000256d5026800 JavaThread "Cache worker for file hash cache (C:\Users\Aldair\.gradle\caches\7.0.2\fileHashes)" [_thread_blocked, id=12268, stack(0x0000007430300000,0x0000007430400000)]
  0x00000256d5025000 JavaThread "File lock request listener" [_thread_in_native, id=10324, stack(0x0000007430400000,0x0000007430500000)]
  0x00000256d5023800 JavaThread "Cache worker for journal cache (C:\Users\Aldair\.gradle\caches\journal-1)" [_thread_blocked, id=5244, stack(0x0000007430500000,0x0000007430600000)]
  0x00000256d5022800 JavaThread "Cache worker for file hash cache (C:\Users\Aldair\Desktop\GIT\LADM_U4_Practica2_CanvasSensores\.gradle\7.0.2\fileHashes)" [_thread_blocked, id=7932, stack(0x0000007430600000,0x0000007430700000)]
  0x00000256d5029000 JavaThread "File watcher server" daemon [_thread_in_native, id=3872, stack(0x0000007430700000,0x0000007430800000)]
  0x00000256d5026000 JavaThread "File watcher consumer" daemon [_thread_blocked, id=7728, stack(0x0000007430800000,0x0000007430900000)]
  0x00000256d5027800 JavaThread "Cache worker for checksums cache (C:\Users\Aldair\Desktop\GIT\LADM_U4_Practica2_CanvasSensores\.gradle\checksums)" [_thread_blocked, id=2744, stack(0x0000007430900000,0x0000007430a00000)]
  0x00000256d5028000 JavaThread "Cache worker for cache directory md-supplier (C:\Users\Aldair\.gradle\caches\7.0.2\md-supplier)" [_thread_blocked, id=236, stack(0x0000007430a00000,0x0000007430b00000)]
  0x00000256d5043800 JavaThread "Cache worker for cache directory md-rule (C:\Users\Aldair\.gradle\caches\7.0.2\md-rule)" [_thread_blocked, id=11052, stack(0x0000007430b00000,0x0000007430c00000)]
  0x00000256d5047800 JavaThread "Cache worker for execution history cache (C:\Users\Aldair\.gradle\caches\7.0.2\executionHistory)" [_thread_blocked, id=4788, stack(0x0000007430c00000,0x0000007430d00000)]
  0x00000256d5046000 JavaThread "jar transforms" [_thread_blocked, id=9656, stack(0x0000007430d00000,0x0000007430e00000)]
  0x00000256d5042800 JavaThread "jar transforms Thread 2" [_thread_blocked, id=9276, stack(0x0000007430e00000,0x0000007430f00000)]
  0x00000256d5049000 JavaThread "Cache worker for file content cache (C:\Users\Aldair\.gradle\caches\7.0.2\fileContent)" [_thread_blocked, id=3456, stack(0x0000007430f00000,0x0000007431000000)]
  0x00000256d504a000 JavaThread "Cache worker for dependencies-accessors (C:\Users\Aldair\Desktop\GIT\LADM_U4_Practica2_CanvasSensores\.gradle\7.0.2\dependencies-accessors)" [_thread_blocked, id=11864, stack(0x0000007431000000,0x0000007431100000)]
  0x00000256d5048000 JavaThread "Cache worker for Build Output Cleanup Cache (C:\Users\Aldair\Desktop\GIT\LADM_U4_Practica2_CanvasSensores\.gradle\buildOutputCleanup)" [_thread_blocked, id=7008, stack(0x0000007431300000,0x0000007431400000)]
  0x00000256d5044000 JavaThread "Build operations" [_thread_blocked, id=6204, stack(0x0000007431400000,0x0000007431500000)]
  0x00000256d504a800 JavaThread "Build operations Thread 2" [_thread_blocked, id=6884, stack(0x0000007431500000,0x0000007431600000)]
  0x00000256d5050800 JavaThread "Memory manager" [_thread_blocked, id=11380, stack(0x000000742e500000,0x000000742e600000)]
  0x00000256d5051000 JavaThread "build event listener" [_thread_blocked, id=9936, stack(0x000000742e600000,0x000000742e700000)]
  0x00000256d504f800 JavaThread "Execution worker for ':'" [_thread_blocked, id=11300, stack(0x0000007430100000,0x0000007430200000)]
  0x00000256d504c800 JavaThread "Cache worker for execution history cache (C:\Users\Aldair\Desktop\GIT\LADM_U4_Practica2_CanvasSensores\.gradle\7.0.2\executionHistory)" [_thread_blocked, id=5992, stack(0x0000007431600000,0x0000007431700000)]
  0x00000256d504b800 JavaThread "RMI Scheduler(0)" daemon [_thread_blocked, id=12196, stack(0x0000007431700000,0x0000007431800000)]
  0x00000256d504d000 JavaThread "RMI GC Daemon" daemon [_thread_blocked, id=6208, stack(0x0000007431900000,0x0000007431a00000)]
  0x00000256dca89000 JavaThread "RMI TCP Accept-0" daemon [_thread_in_native, id=9664, stack(0x0000007431a00000,0x0000007431b00000)]
  0x00000256dca8a000 JavaThread "RMI Reaper" [_thread_blocked, id=6768, stack(0x0000007431b00000,0x0000007431c00000)]
  0x00000256dca84000 JavaThread "RMI TCP Connection(idle)" daemon [_thread_blocked, id=7512, stack(0x0000007431c00000,0x0000007431d00000)]
  0x00000256dca88000 JavaThread "Cache worker for Java compile cache (C:\Users\Aldair\.gradle\caches\7.0.2\javaCompile)" [_thread_blocked, id=7432, stack(0x0000007431800000,0x0000007431900000)]
  0x00000256dca87800 JavaThread "Cache worker for Java compile cache (C:\Users\Aldair\Desktop\GIT\LADM_U4_Practica2_CanvasSensores\.gradle\7.0.2\javaCompile)" [_thread_blocked, id=6756, stack(0x0000007431d00000,0x0000007431e00000)]
  0x00000256dca85000 JavaThread "WorkerExecutor Queue" [_thread_blocked, id=10408, stack(0x0000007431e00000,0x0000007431f00000)]
  0x00000256dca8a800 JavaThread "WorkerExecutor Queue Thread 2" [_thread_blocked, id=6244, stack(0x0000007431f00000,0x0000007432000000)]

Other Threads:
  0x00000256d36fc000 VMThread "VM Thread" [stack: 0x000000742ed00000,0x000000742ee00000] [id=12124]
  0x00000256d421b800 WatcherThread [stack: 0x000000742f700000,0x000000742f800000] [id=11632]
  0x00000256ba096800 GCTaskThread "GC Thread#0" [stack: 0x000000742e800000,0x000000742e900000] [id=1096]
  0x00000256d432a000 GCTaskThread "GC Thread#1" [stack: 0x000000742f800000,0x000000742f900000] [id=10196]
  0x00000256ba0c7800 ConcurrentGCThread "G1 Main Marker" [stack: 0x000000742e900000,0x000000742ea00000] [id=7680]
=>0x00000256ba0c9000 ConcurrentGCThread "G1 Conc#0" [stack: 0x000000742ea00000,0x000000742eb00000] [id=11280]
  0x00000256ba119000 ConcurrentGCThread "G1 Refine#0" [stack: 0x000000742eb00000,0x000000742ec00000] [id=9220]
  0x00000256ba11a000 ConcurrentGCThread "G1 Young RemSet Sampling" [stack: 0x000000742ec00000,0x000000742ed00000] [id=10016]

Threads with active compile tasks:

VM state:not at safepoint (normal execution)

VM Mutex/Monitor currently owned by a thread:  ([mutex/lock_event])
[0x00000256ba07d630] CompiledIC_lock - owner thread: 0x00000256dca85000

Heap address: 0x0000000080000000, size: 2048 MB, Compressed Oops mode: 32-bit
Narrow klass base: 0x0000000000000000, Narrow klass shift: 3
Compressed class space size: 1073741824 Address: 0x0000000100000000

Heap:
 garbage-first heap   total 121856K, used 98833K [0x0000000080000000, 0x0000000100000000)
  region size 1024K, 6 young (6144K), 2 survivors (2048K)
 Metaspace       used 102939K, capacity 105612K, committed 105852K, reserved 1140736K
  class space    used 13507K, capacity 14531K, committed 14592K, reserved 1048576K
Heap Regions: E=young(eden), S=young(survivor), O=old, HS=humongous(starts), HC=humongous(continues), CS=collection set, F=free, A=archive, TAMS=top-at-mark-start (previous, next)
|   0|0x0000000080000000, 0x0000000080100000, 0x0000000080100000|100%| O|  |TAMS 0x0000000080100000, 0x0000000080100000| Untracked 
|   1|0x0000000080100000, 0x0000000080200000, 0x0000000080200000|100%| O|  |TAMS 0x0000000080200000, 0x0000000080200000| Untracked 
|   2|0x0000000080200000, 0x0000000080300000, 0x0000000080300000|100%| O|  |TAMS 0x0000000080300000, 0x0000000080300000| Untracked 
|   3|0x0000000080300000, 0x0000000080400000, 0x0000000080400000|100%| O|  |TAMS 0x0000000080400000, 0x0000000080400000| Untracked 
|   4|0x0000000080400000, 0x0000000080500000, 0x0000000080500000|100%|HS|  |TAMS 0x0000000080500000, 0x0000000080500000| Complete 
|   5|0x0000000080500000, 0x0000000080600000, 0x0000000080600000|100%|HC|  |TAMS 0x0000000080600000, 0x0000000080600000| Complete 
|   6|0x0000000080600000, 0x0000000080700000, 0x0000000080700000|100%|HC|  |TAMS 0x0000000080700000, 0x0000000080700000| Complete 
|   7|0x0000000080700000, 0x0000000080800000, 0x0000000080800000|100%| O|  |TAMS 0x0000000080800000, 0x0000000080800000| Untracked 
|   8|0x0000000080800000, 0x0000000080900000, 0x0000000080900000|100%| O|  |TAMS 0x0000000080900000, 0x0000000080900000| Untracked 
|   9|0x0000000080900000, 0x0000000080a00000, 0x0000000080a00000|100%| O|  |TAMS 0x0000000080a00000, 0x0000000080a00000| Untracked 
|  10|0x0000000080a00000, 0x0000000080b00000, 0x0000000080b00000|100%| O|  |TAMS 0x0000000080b00000, 0x0000000080b00000| Untracked 
|  11|0x0000000080b00000, 0x0000000080c00000, 0x0000000080c00000|100%| O|  |TAMS 0x0000000080c00000, 0x0000000080c00000| Untracked 
|  12|0x0000000080c00000, 0x0000000080d00000, 0x0000000080d00000|100%| O|  |TAMS 0x0000000080d00000, 0x0000000080d00000| Untracked 
|  13|0x0000000080d00000, 0x0000000080e00000, 0x0000000080e00000|100%| O|  |TAMS 0x0000000080e00000, 0x0000000080e00000| Untracked 
|  14|0x0000000080e00000, 0x0000000080f00000, 0x0000000080f00000|100%| O|  |TAMS 0x0000000080f00000, 0x0000000080f00000| Untracked 
|  15|0x0000000080f00000, 0x0000000081000000, 0x0000000081000000|100%| O|  |TAMS 0x0000000081000000, 0x0000000081000000| Untracked 
|  16|0x0000000081000000, 0x0000000081100000, 0x0000000081100000|100%| O|  |TAMS 0x0000000081100000, 0x0000000081100000| Untracked 
|  17|0x0000000081100000, 0x0000000081200000, 0x0000000081200000|100%| O|  |TAMS 0x0000000081200000, 0x0000000081200000| Untracked 
|  18|0x0000000081200000, 0x0000000081300000, 0x0000000081300000|100%| O|  |TAMS 0x0000000081300000, 0x0000000081300000| Untracked 
|  19|0x0000000081300000, 0x0000000081400000, 0x0000000081400000|100%| O|  |TAMS 0x0000000081400000, 0x0000000081400000| Untracked 
|  20|0x0000000081400000, 0x0000000081500000, 0x0000000081500000|100%| O|  |TAMS 0x0000000081500000, 0x0000000081500000| Untracked 
|  21|0x0000000081500000, 0x0000000081600000, 0x0000000081600000|100%| O|  |TAMS 0x0000000081600000, 0x0000000081600000| Untracked 
|  22|0x0000000081600000, 0x0000000081700000, 0x0000000081700000|100%| O|  |TAMS 0x0000000081700000, 0x0000000081700000| Untracked 
|  23|0x0000000081700000, 0x0000000081800000, 0x0000000081800000|100%| O|  |TAMS 0x0000000081800000, 0x0000000081800000| Untracked 
|  24|0x0000000081800000, 0x0000000081900000, 0x0000000081900000|100%|HS|  |TAMS 0x0000000081900000, 0x0000000081900000| Complete 
|  25|0x0000000081900000, 0x0000000081a00000, 0x0000000081a00000|100%| O|  |TAMS 0x0000000081a00000, 0x0000000081a00000| Untracked 
|  26|0x0000000081a00000, 0x0000000081b00000, 0x0000000081b00000|100%| O|  |TAMS 0x0000000081b00000, 0x0000000081b00000| Untracked 
|  27|0x0000000081b00000, 0x0000000081c00000, 0x0000000081c00000|100%|HS|  |TAMS 0x0000000081c00000, 0x0000000081c00000| Complete 
|  28|0x0000000081c00000, 0x0000000081d00000, 0x0000000081d00000|100%|HS|  |TAMS 0x0000000081d00000, 0x0000000081d00000| Complete 
|  29|0x0000000081d00000, 0x0000000081e00000, 0x0000000081e00000|100%|HS|  |TAMS 0x0000000081e00000, 0x0000000081e00000| Complete 
|  30|0x0000000081e00000, 0x0000000081f00000, 0x0000000081f00000|100%|HC|  |TAMS 0x0000000081f00000, 0x0000000081f00000| Complete 
|  31|0x0000000081f00000, 0x0000000082000000, 0x0000000082000000|100%|HC|  |TAMS 0x0000000082000000, 0x0000000082000000| Complete 
|  32|0x0000000082000000, 0x0000000082100000, 0x0000000082100000|100%|HS|  |TAMS 0x0000000082100000, 0x0000000082100000| Complete 
|  33|0x0000000082100000, 0x0000000082200000, 0x0000000082200000|100%|HC|  |TAMS 0x0000000082200000, 0x0000000082200000| Complete 
|  34|0x0000000082200000, 0x0000000082300000, 0x0000000082300000|100%| O|  |TAMS 0x0000000082300000, 0x0000000082300000| Untracked 
|  35|0x0000000082300000, 0x0000000082400000, 0x0000000082400000|100%| O|  |TAMS 0x0000000082400000, 0x0000000082400000| Untracked 
|  36|0x0000000082400000, 0x0000000082500000, 0x0000000082500000|100%| O|  |TAMS 0x0000000082500000, 0x0000000082500000| Untracked 
|  37|0x0000000082500000, 0x0000000082600000, 0x0000000082600000|100%| O|  |TAMS 0x0000000082600000, 0x0000000082600000| Untracked 
|  38|0x0000000082600000, 0x0000000082700000, 0x0000000082700000|100%| O|  |TAMS 0x0000000082700000, 0x0000000082700000| Untracked 
|  39|0x0000000082700000, 0x0000000082800000, 0x0000000082800000|100%| O|  |TAMS 0x0000000082800000, 0x0000000082800000| Untracked 
|  40|0x0000000082800000, 0x0000000082900000, 0x0000000082900000|100%| O|  |TAMS 0x0000000082900000, 0x0000000082900000| Untracked 
|  41|0x0000000082900000, 0x0000000082a00000, 0x0000000082a00000|100%| O|  |TAMS 0x0000000082a00000, 0x0000000082a00000| Untracked 
|  42|0x0000000082a00000, 0x0000000082b00000, 0x0000000082b00000|100%| O|  |TAMS 0x0000000082b00000, 0x0000000082b00000| Untracked 
|  43|0x0000000082b00000, 0x0000000082c00000, 0x0000000082c00000|100%| O|  |TAMS 0x0000000082c00000, 0x0000000082c00000| Untracked 
|  44|0x0000000082c00000, 0x0000000082d00000, 0x0000000082d00000|100%| O|  |TAMS 0x0000000082d00000, 0x0000000082d00000| Untracked 
|  45|0x0000000082d00000, 0x0000000082e00000, 0x0000000082e00000|100%| O|  |TAMS 0x0000000082e00000, 0x0000000082e00000| Untracked 
|  46|0x0000000082e00000, 0x0000000082f00000, 0x0000000082f00000|100%| O|  |TAMS 0x0000000082f00000, 0x0000000082f00000| Untracked 
|  47|0x0000000082f00000, 0x0000000083000000, 0x0000000083000000|100%| O|  |TAMS 0x0000000083000000, 0x0000000083000000| Untracked 
|  48|0x0000000083000000, 0x0000000083100000, 0x0000000083100000|100%| O|  |TAMS 0x0000000083100000, 0x0000000083100000| Untracked 
|  49|0x0000000083100000, 0x0000000083200000, 0x0000000083200000|100%| O|  |TAMS 0x0000000083200000, 0x0000000083200000| Untracked 
|  50|0x0000000083200000, 0x0000000083300000, 0x0000000083300000|100%| O|  |TAMS 0x0000000083300000, 0x0000000083300000| Untracked 
|  51|0x0000000083300000, 0x0000000083400000, 0x0000000083400000|100%| O|  |TAMS 0x0000000083400000, 0x0000000083400000| Untracked 
|  52|0x0000000083400000, 0x0000000083500000, 0x0000000083500000|100%| O|  |TAMS 0x0000000083500000, 0x0000000083500000| Untracked 
|  53|0x0000000083500000, 0x0000000083600000, 0x0000000083600000|100%| O|  |TAMS 0x0000000083600000, 0x0000000083600000| Untracked 
|  54|0x0000000083600000, 0x0000000083700000, 0x0000000083700000|100%| O|  |TAMS 0x0000000083700000, 0x0000000083700000| Untracked 
|  55|0x0000000083700000, 0x0000000083800000, 0x0000000083800000|100%| O|  |TAMS 0x0000000083800000, 0x0000000083800000| Untracked 
|  56|0x0000000083800000, 0x0000000083900000, 0x0000000083900000|100%| O|  |TAMS 0x0000000083900000, 0x0000000083900000| Untracked 
|  57|0x0000000083900000, 0x0000000083a00000, 0x0000000083a00000|100%| O|  |TAMS 0x0000000083a00000, 0x0000000083a00000| Untracked 
|  58|0x0000000083a00000, 0x0000000083b00000, 0x0000000083b00000|100%| O|  |TAMS 0x0000000083b00000, 0x0000000083b00000| Untracked 
|  59|0x0000000083b00000, 0x0000000083c00000, 0x0000000083c00000|100%| O|  |TAMS 0x0000000083c00000, 0x0000000083c00000| Untracked 
|  60|0x0000000083c00000, 0x0000000083d00000, 0x0000000083d00000|100%| O|  |TAMS 0x0000000083d00000, 0x0000000083d00000| Untracked 
|  61|0x0000000083d00000, 0x0000000083e00000, 0x0000000083e00000|100%| O|  |TAMS 0x0000000083e00000, 0x0000000083e00000| Untracked 
|  62|0x0000000083e00000, 0x0000000083f00000, 0x0000000083f00000|100%| O|  |TAMS 0x0000000083f00000, 0x0000000083f00000| Untracked 
|  63|0x0000000083f00000, 0x0000000084000000, 0x0000000084000000|100%| O|  |TAMS 0x0000000084000000, 0x0000000084000000| Untracked 
|  64|0x0000000084000000, 0x0000000084100000, 0x0000000084100000|100%| O|  |TAMS 0x0000000084100000, 0x0000000084100000| Untracked 
|  65|0x0000000084100000, 0x0000000084200000, 0x0000000084200000|100%| O|  |TAMS 0x0000000084200000, 0x0000000084200000| Untracked 
|  66|0x0000000084200000, 0x0000000084300000, 0x0000000084300000|100%| O|  |TAMS 0x0000000084300000, 0x0000000084300000| Untracked 
|  67|0x0000000084300000, 0x0000000084400000, 0x0000000084400000|100%| O|  |TAMS 0x0000000084400000, 0x0000000084400000| Untracked 
|  68|0x0000000084400000, 0x0000000084500000, 0x0000000084500000|100%| O|  |TAMS 0x0000000084500000, 0x0000000084500000| Untracked 
|  69|0x0000000084500000, 0x0000000084600000, 0x0000000084600000|100%| O|  |TAMS 0x0000000084600000, 0x0000000084600000| Untracked 
|  70|0x0000000084600000, 0x0000000084700000, 0x0000000084700000|100%| O|  |TAMS 0x0000000084700000, 0x0000000084700000| Untracked 
|  71|0x0000000084700000, 0x0000000084800000, 0x0000000084800000|100%| O|  |TAMS 0x0000000084800000, 0x0000000084800000| Untracked 
|  72|0x0000000084800000, 0x0000000084900000, 0x0000000084900000|100%| O|  |TAMS 0x0000000084900000, 0x0000000084900000| Untracked 
|  73|0x0000000084900000, 0x0000000084a00000, 0x0000000084a00000|100%| O|  |TAMS 0x0000000084a00000, 0x0000000084a00000| Untracked 
|  74|0x0000000084a00000, 0x0000000084b00000, 0x0000000084b00000|100%| O|  |TAMS 0x0000000084b00000, 0x0000000084b00000| Untracked 
|  75|0x0000000084b00000, 0x0000000084c00000, 0x0000000084c00000|100%| O|  |TAMS 0x0000000084c00000, 0x0000000084c00000| Untracked 
|  76|0x0000000084c00000, 0x0000000084d00000, 0x0000000084d00000|100%| O|  |TAMS 0x0000000084d00000, 0x0000000084d00000| Untracked 
|  77|0x0000000084d00000, 0x0000000084e00000, 0x0000000084e00000|100%| O|  |TAMS 0x0000000084e00000, 0x0000000084e00000| Untracked 
|  78|0x0000000084e00000, 0x0000000084f00000, 0x0000000084f00000|100%| O|  |TAMS 0x0000000084f00000, 0x0000000084f00000| Untracked 
|  79|0x0000000084f00000, 0x0000000085000000, 0x0000000085000000|100%| O|  |TAMS 0x0000000085000000, 0x0000000085000000| Untracked 
|  80|0x0000000085000000, 0x0000000085100000, 0x0000000085100000|100%| O|  |TAMS 0x0000000085100000, 0x0000000085100000| Untracked 
|  81|0x0000000085100000, 0x0000000085200000, 0x0000000085200000|100%| O|  |TAMS 0x0000000085200000, 0x0000000085200000| Untracked 
|  82|0x0000000085200000, 0x0000000085300000, 0x0000000085300000|100%| O|  |TAMS 0x0000000085300000, 0x0000000085300000| Untracked 
|  83|0x0000000085300000, 0x0000000085400000, 0x0000000085400000|100%|HS|  |TAMS 0x0000000085400000, 0x0000000085400000| Complete 
|  84|0x0000000085400000, 0x0000000085500000, 0x0000000085500000|100%|HC|  |TAMS 0x0000000085500000, 0x0000000085500000| Complete 
|  85|0x0000000085500000, 0x0000000085600000, 0x0000000085600000|100%| O|  |TAMS 0x0000000085600000, 0x0000000085600000| Untracked 
|  86|0x0000000085600000, 0x0000000085700000, 0x0000000085700000|100%| O|  |TAMS 0x0000000085700000, 0x0000000085700000| Untracked 
|  87|0x0000000085700000, 0x0000000085800000, 0x0000000085800000|100%| O|  |TAMS 0x0000000085800000, 0x0000000085800000| Untracked 
|  88|0x0000000085800000, 0x0000000085900000, 0x0000000085900000|100%| O|  |TAMS 0x0000000085900000, 0x0000000085900000| Untracked 
|  89|0x0000000085900000, 0x0000000085a00000, 0x0000000085a00000|100%| O|  |TAMS 0x0000000085953000, 0x0000000085a00000| Untracked 
|  90|0x0000000085a00000, 0x0000000085b00000, 0x0000000085b00000|100%| O|  |TAMS 0x0000000085a00000, 0x0000000085b00000| Untracked 
|  91|0x0000000085b00000, 0x0000000085bad400, 0x0000000085c00000| 67%| O|  |TAMS 0x0000000085b00000, 0x0000000085bad400| Untracked 
|  92|0x0000000085c00000, 0x0000000085c00000, 0x0000000085d00000|  0%| F|  |TAMS 0x0000000085c00000, 0x0000000085c00000| Untracked 
|  93|0x0000000085d00000, 0x0000000085d00000, 0x0000000085e00000|  0%| F|  |TAMS 0x0000000085d00000, 0x0000000085d00000| Untracked 
|  94|0x0000000085e00000, 0x0000000085e00000, 0x0000000085f00000|  0%| F|  |TAMS 0x0000000085e00000, 0x0000000085e00000| Untracked 
|  95|0x0000000085f00000, 0x0000000085f00000, 0x0000000086000000|  0%| F|  |TAMS 0x0000000085f00000, 0x0000000085f00000| Untracked 
|  96|0x0000000086000000, 0x0000000086000000, 0x0000000086100000|  0%| F|  |TAMS 0x0000000086000000, 0x0000000086000000| Untracked 
|  97|0x0000000086100000, 0x0000000086100000, 0x0000000086200000|  0%| F|  |TAMS 0x0000000086100000, 0x0000000086100000| Untracked 
|  98|0x0000000086200000, 0x0000000086200000, 0x0000000086300000|  0%| F|  |TAMS 0x0000000086200000, 0x0000000086200000| Untracked 
|  99|0x0000000086300000, 0x0000000086300000, 0x0000000086400000|  0%| F|  |TAMS 0x0000000086300000, 0x0000000086300000| Untracked 
| 100|0x0000000086400000, 0x0000000086400000, 0x0000000086500000|  0%| F|  |TAMS 0x0000000086400000, 0x0000000086400000| Untracked 
| 101|0x0000000086500000, 0x0000000086500000, 0x0000000086600000|  0%| F|  |TAMS 0x0000000086500000, 0x0000000086500000| Untracked 
| 102|0x0000000086600000, 0x0000000086600000, 0x0000000086700000|  0%| F|  |TAMS 0x0000000086600000, 0x0000000086600000| Untracked 
| 103|0x0000000086700000, 0x0000000086700000, 0x0000000086800000|  0%| F|  |TAMS 0x0000000086700000, 0x0000000086700000| Untracked 
| 104|0x0000000086800000, 0x0000000086800000, 0x0000000086900000|  0%| F|  |TAMS 0x0000000086800000, 0x0000000086800000| Untracked 
| 105|0x0000000086900000, 0x0000000086900000, 0x0000000086a00000|  0%| F|  |TAMS 0x0000000086900000, 0x0000000086900000| Untracked 
| 106|0x0000000086a00000, 0x0000000086ad70c0, 0x0000000086b00000| 84%| S|CS|TAMS 0x0000000086a00000, 0x0000000086a00000| Complete 
| 107|0x0000000086b00000, 0x0000000086b00000, 0x0000000086c00000|  0%| F|  |TAMS 0x0000000086b00000, 0x0000000086b00000| Untracked 
| 108|0x0000000086c00000, 0x0000000086d00000, 0x0000000086d00000|100%| S|CS|TAMS 0x0000000086c00000, 0x0000000086c00000| Complete 
| 109|0x0000000086d00000, 0x0000000086d00000, 0x0000000086e00000|  0%| F|  |TAMS 0x0000000086d00000, 0x0000000086d00000| Untracked 
| 110|0x0000000086e00000, 0x0000000086e00000, 0x0000000086f00000|  0%| F|  |TAMS 0x0000000086e00000, 0x0000000086e00000| Untracked 
| 111|0x0000000086f00000, 0x0000000086f00000, 0x0000000087000000|  0%| F|  |TAMS 0x0000000086f00000, 0x0000000086f00000| Untracked 
| 112|0x0000000087000000, 0x0000000087000000, 0x0000000087100000|  0%| F|  |TAMS 0x0000000087000000, 0x0000000087000000| Untracked 
| 113|0x0000000087100000, 0x0000000087100000, 0x0000000087200000|  0%| F|  |TAMS 0x0000000087100000, 0x0000000087100000| Untracked 
| 114|0x0000000087200000, 0x0000000087200000, 0x0000000087300000|  0%| F|  |TAMS 0x0000000087200000, 0x0000000087200000| Untracked 
| 115|0x0000000087300000, 0x00000000873b24f8, 0x0000000087400000| 69%| E|  |TAMS 0x0000000087300000, 0x0000000087300000| Complete 
| 116|0x0000000087400000, 0x0000000087500000, 0x0000000087500000|100%| E|CS|TAMS 0x0000000087400000, 0x0000000087400000| Complete 
| 117|0x0000000087500000, 0x0000000087600000, 0x0000000087600000|100%| E|CS|TAMS 0x0000000087500000, 0x0000000087500000| Complete 
| 118|0x0000000087600000, 0x0000000087700000, 0x0000000087700000|100%| E|CS|TAMS 0x0000000087600000, 0x0000000087600000| Complete 

Card table byte_map: [0x00000256ccb70000,0x00000256ccf70000] _byte_map_base: 0x00000256cc770000

Marking Bits (Prev, Next): (CMBitMap*) 0x00000256ba0bed58, (CMBitMap*) 0x00000256ba0bed90
 Prev Bits: [0x00000256cd370000, 0x00000256cf370000)
 Next Bits: [0x00000256cf370000, 0x00000256d1370000)

Polling page: 0x00000256b7df0000

Metaspace:

Usage:
  Non-class:     88.95 MB capacity,    87.34 MB ( 98%) used,     1.31 MB (  1%) free+waste,   310.94 KB ( <1%) overhead. 
      Class:     14.19 MB capacity,    13.19 MB ( 93%) used,   880.48 KB (  6%) free+waste,   143.13 KB ( <1%) overhead. 
       Both:    103.14 MB capacity,   100.53 MB ( 97%) used,     2.17 MB (  2%) free+waste,   454.06 KB ( <1%) overhead. 

Virtual space:
  Non-class space:       90.00 MB reserved,      89.12 MB (>99%) committed 
      Class space:        1.00 GB reserved,      14.25 MB (  1%) committed 
             Both:        1.09 GB reserved,     103.37 MB (  9%) committed 

Chunk freelists:
   Non-Class:  51.00 KB
       Class:  0 bytes
        Both:  51.00 KB

MaxMetaspaceSize: 17179869184.00 GB
CompressedClassSpaceSize: 1.00 GB

CodeHeap 'non-profiled nmethods': size=120064Kb used=7395Kb max_used=7395Kb free=112668Kb
 bounds [0x00000256c5630000, 0x00000256c5d70000, 0x00000256ccb70000]
CodeHeap 'profiled nmethods': size=120000Kb used=27241Kb max_used=27241Kb free=92758Kb
 bounds [0x00000256be100000, 0x00000256bfba0000, 0x00000256c5630000]
CodeHeap 'non-nmethods': size=5696Kb used=2327Kb max_used=2354Kb free=3369Kb
 bounds [0x00000256bdb70000, 0x00000256bdde0000, 0x00000256be100000]
 total_blobs=13227 nmethods=12267 adapters=870
 compilation: enabled
              stopped_count=0, restarted_count=0
 full_count=0

Compilation events (20 events):
Event: 375.480 Thread 0x00000256d3767800 nmethod 12163 0x00000256c5d5fd10 code [0x00000256c5d5fec0, 0x00000256c5d5ffd8]
Event: 375.480 Thread 0x00000256d376c800 nmethod 12164 0x00000256bfb43110 code [0x00000256bfb432e0, 0x00000256bfb43628]
Event: 375.480 Thread 0x00000256d376c800 12165       1       com.android.tools.r8.ir.regalloc.b::g (5 bytes)
Event: 375.481 Thread 0x00000256d376c800 nmethod 12165 0x00000256c5d60190 code [0x00000256c5d60340, 0x00000256c5d603f8]
Event: 375.481 Thread 0x00000256d376c800 12166       3       java.util.TreeSet::remove (22 bytes)
Event: 375.481 Thread 0x00000256d3767800 12168       4       java.util.TreeMap$Entry::<init> (25 bytes)
Event: 375.481 Thread 0x00000256d376c800 nmethod 12166 0x00000256bfb43790 code [0x00000256bfb43960, 0x00000256bfb43b88]
Event: 375.481 Thread 0x00000256d376c800 12167       3       java.util.TreeMap::remove (24 bytes)
Event: 375.481 Thread 0x00000256d376c800 nmethod 12167 0x00000256bfb43c90 code [0x00000256bfb43e60, 0x00000256bfb44038]
Event: 375.482 Thread 0x00000256d376c800 12170       3       com.android.tools.r8.ir.regalloc.c::a (90 bytes)
Event: 375.483 Thread 0x00000256d376c800 nmethod 12170 0x00000256bfb44110 code [0x00000256bfb44320, 0x00000256bfb449c8]
Event: 375.487 Thread 0x00000256d3767800 nmethod 12168 0x00000256c5d60490 code [0x00000256c5d60620, 0x00000256c5d608d8]
Event: 375.488 Thread 0x00000256d3767800 12169       4       java.util.TreeMap::setColor (10 bytes)
Event: 375.489 Thread 0x00000256d3767800 nmethod 12169 0x00000256c5d60990 code [0x00000256c5d60b20, 0x00000256c5d60b78]
Event: 375.489 Thread 0x00000256d3767800 12171       4       com.android.tools.r8.internal.Hj::a (12 bytes)
Event: 375.490 Thread 0x00000256d3767800 nmethod 12171 0x00000256c5d60c10 code [0x00000256c5d60da0, 0x00000256c5d60e38]
Event: 375.499 Thread 0x00000256d376c800 12172       3       java.util.BitSet::clear (70 bytes)
Event: 375.500 Thread 0x00000256d376c800 nmethod 12172 0x00000256bfb44c90 code [0x00000256bfb44f20, 0x00000256bfb45918]
Event: 375.501 Thread 0x00000256d376c800 12173       3       com.android.tools.r8.ir.regalloc.a::a (60 bytes)
Event: 375.503 Thread 0x00000256d376c800 nmethod 12173 0x00000256bfb45d10 code [0x00000256bfb45f40, 0x00000256bfb46698]

GC Heap History (20 events):
Event: 159.589 GC heap before
{Heap before GC invocations=63 (full 0):
 garbage-first heap   total 121856K, used 101809K [0x0000000080000000, 0x0000000100000000)
  region size 1024K, 26 young (26624K), 3 survivors (3072K)
 Metaspace       used 89594K, capacity 91739K, committed 91900K, reserved 1128448K
  class space    used 11582K, capacity 12339K, committed 12416K, reserved 1048576K
}
Event: 159.623 GC heap after
{Heap after GC invocations=64 (full 0):
 garbage-first heap   total 121856K, used 80408K [0x0000000080000000, 0x0000000100000000)
  region size 1024K, 4 young (4096K), 4 survivors (4096K)
 Metaspace       used 89594K, capacity 91739K, committed 91900K, reserved 1128448K
  class space    used 11582K, capacity 12339K, committed 12416K, reserved 1048576K
}
Event: 337.254 GC heap before
{Heap before GC invocations=65 (full 0):
 garbage-first heap   total 121856K, used 101912K [0x0000000080000000, 0x0000000100000000)
  region size 1024K, 26 young (26624K), 4 survivors (4096K)
 Metaspace       used 91647K, capacity 93987K, committed 94076K, reserved 1130496K
  class space    used 11910K, capacity 12738K, committed 12800K, reserved 1048576K
}
Event: 337.279 GC heap after
{Heap after GC invocations=66 (full 0):
 garbage-first heap   total 121856K, used 80845K [0x0000000080000000, 0x0000000100000000)
  region size 1024K, 3 young (3072K), 3 survivors (3072K)
 Metaspace       used 91647K, capacity 93987K, committed 94076K, reserved 1130496K
  class space    used 11910K, capacity 12738K, committed 12800K, reserved 1048576K
}
Event: 341.400 GC heap before
{Heap before GC invocations=66 (full 0):
 garbage-first heap   total 121856K, used 102349K [0x0000000080000000, 0x0000000100000000)
  region size 1024K, 25 young (25600K), 3 survivors (3072K)
 Metaspace       used 92948K, capacity 95236K, committed 95484K, reserved 1132544K
  class space    used 12027K, capacity 12856K, committed 12928K, reserved 1048576K
}
Event: 341.437 GC heap after
{Heap after GC invocations=67 (full 0):
 garbage-first heap   total 121856K, used 83768K [0x0000000080000000, 0x0000000100000000)
  region size 1024K, 4 young (4096K), 4 survivors (4096K)
 Metaspace       used 92948K, capacity 95236K, committed 95484K, reserved 1132544K
  class space    used 12027K, capacity 12856K, committed 12928K, reserved 1048576K
}
Event: 346.175 GC heap before
{Heap before GC invocations=68 (full 0):
 garbage-first heap   total 121856K, used 102200K [0x0000000080000000, 0x0000000100000000)
  region size 1024K, 23 young (23552K), 4 survivors (4096K)
 Metaspace       used 93009K, capacity 95371K, committed 95484K, reserved 1132544K
  class space    used 12027K, capacity 12856K, committed 12928K, reserved 1048576K
}
Event: 346.204 GC heap after
{Heap after GC invocations=69 (full 0):
 garbage-first heap   total 121856K, used 85610K [0x0000000080000000, 0x0000000100000000)
  region size 1024K, 2 young (2048K), 2 survivors (2048K)
 Metaspace       used 93009K, capacity 95371K, committed 95484K, reserved 1132544K
  class space    used 12027K, capacity 12856K, committed 12928K, reserved 1048576K
}
Event: 350.228 GC heap before
{Heap before GC invocations=69 (full 0):
 garbage-first heap   total 121856K, used 103018K [0x0000000080000000, 0x0000000100000000)
  region size 1024K, 20 young (20480K), 2 survivors (2048K)
 Metaspace       used 93092K, capacity 95388K, committed 95484K, reserved 1132544K
  class space    used 12032K, capacity 12857K, committed 12928K, reserved 1048576K
}
Event: 350.243 GC heap after
{Heap after GC invocations=70 (full 0):
 garbage-first heap   total 121856K, used 86262K [0x0000000080000000, 0x0000000100000000)
  region size 1024K, 3 young (3072K), 3 survivors (3072K)
 Metaspace       used 93092K, capacity 95388K, committed 95484K, reserved 1132544K
  class space    used 12032K, capacity 12857K, committed 12928K, reserved 1048576K
}
Event: 356.540 GC heap before
{Heap before GC invocations=71 (full 0):
 garbage-first heap   total 121856K, used 101622K [0x0000000080000000, 0x0000000100000000)
  region size 1024K, 20 young (20480K), 3 survivors (3072K)
 Metaspace       used 93362K, capacity 95747K, committed 95868K, reserved 1132544K
  class space    used 12059K, capacity 12954K, committed 13056K, reserved 1048576K
}
Event: 356.570 GC heap after
{Heap after GC invocations=72 (full 0):
 garbage-first heap   total 121856K, used 87040K [0x0000000080000000, 0x0000000100000000)
  region size 1024K, 2 young (2048K), 2 survivors (2048K)
 Metaspace       used 93362K, capacity 95747K, committed 95868K, reserved 1132544K
  class space    used 12059K, capacity 12954K, committed 13056K, reserved 1048576K
}
Event: 365.708 GC heap before
{Heap before GC invocations=73 (full 0):
 garbage-first heap   total 121856K, used 106496K [0x0000000080000000, 0x0000000100000000)
  region size 1024K, 20 young (20480K), 2 survivors (2048K)
 Metaspace       used 95089K, capacity 97463K, committed 97532K, reserved 1134592K
  class space    used 12297K, capacity 13176K, committed 13184K, reserved 1048576K
}
Event: 365.730 GC heap after
{Heap after GC invocations=74 (full 0):
 garbage-first heap   total 121856K, used 91340K [0x0000000080000000, 0x0000000100000000)
  region size 1024K, 3 young (3072K), 3 survivors (3072K)
 Metaspace       used 95089K, capacity 97463K, committed 97532K, reserved 1134592K
  class space    used 12297K, capacity 13176K, committed 13184K, reserved 1048576K
}
Event: 370.980 GC heap before
{Heap before GC invocations=74 (full 0):
 garbage-first heap   total 121856K, used 103628K [0x0000000080000000, 0x0000000100000000)
  region size 1024K, 16 young (16384K), 3 survivors (3072K)
 Metaspace       used 97507K, capacity 99934K, committed 99964K, reserved 1136640K
  class space    used 12651K, capacity 13557K, committed 13568K, reserved 1048576K
}
Event: 371.023 GC heap after
{Heap after GC invocations=75 (full 0):
 garbage-first heap   total 121856K, used 93516K [0x0000000080000000, 0x0000000100000000)
  region size 1024K, 2 young (2048K), 2 survivors (2048K)
 Metaspace       used 97507K, capacity 99934K, committed 99964K, reserved 1136640K
  class space    used 12651K, capacity 13557K, committed 13568K, reserved 1048576K
}
Event: 373.485 GC heap before
{Heap before GC invocations=76 (full 0):
 garbage-first heap   total 121856K, used 104780K [0x0000000080000000, 0x0000000100000000)
  region size 1024K, 13 young (13312K), 2 survivors (2048K)
 Metaspace       used 100380K, capacity 102900K, committed 103164K, reserved 1138688K
  class space    used 13117K, capacity 14083K, committed 14208K, reserved 1048576K
}
Event: 373.518 GC heap after
{Heap after GC invocations=77 (full 0):
 garbage-first heap   total 121856K, used 94901K [0x0000000080000000, 0x0000000100000000)
  region size 1024K, 1 young (1024K), 1 survivors (1024K)
 Metaspace       used 100380K, capacity 102900K, committed 103164K, reserved 1138688K
  class space    used 13117K, capacity 14083K, committed 14208K, reserved 1048576K
}
Event: 374.993 GC heap before
{Heap before GC invocations=77 (full 0):
 garbage-first heap   total 121856K, used 105141K [0x0000000080000000, 0x0000000100000000)
  region size 1024K, 11 young (11264K), 1 survivors (1024K)
 Metaspace       used 102534K, capacity 105203K, committed 105340K, reserved 1140736K
  class space    used 13473K, capacity 14488K, committed 14592K, reserved 1048576K
}
Event: 375.008 GC heap after
{Heap after GC invocations=78 (full 0):
 garbage-first heap   total 121856K, used 95761K [0x0000000080000000, 0x0000000100000000)
  region size 1024K, 2 young (2048K), 2 survivors (2048K)
 Metaspace       used 102534K, capacity 105203K, committed 105340K, reserved 1140736K
  class space    used 13473K, capacity 14488K, committed 14592K, reserved 1048576K
}

Deoptimization events (20 events):
Event: 374.110 Thread 0x00000256dca85000 Uncommon trap: trap_request=0xffffff4d fr.pc=0x00000256c5d36308 relative=0x0000000000000068
Event: 374.110 Thread 0x00000256dca85000 Uncommon trap: reason=unstable_if action=reinterpret pc=0x00000256c5d36308 method=com.android.tools.r8.internal.AA.a(Ljava/lang/Object;[Lcom/android/tools/r8/internal/yf;I)Ljava/lang/Object; @ 5 c2
Event: 374.110 Thread 0x00000256dca85000 DEOPT PACKING pc=0x00000256c5d36308 sp=0x0000007431efc200
Event: 374.110 Thread 0x00000256dca85000 DEOPT UNPACKING pc=0x00000256bdb96ca9 sp=0x0000007431efc120 mode 2
Event: 374.222 Thread 0x00000256dca85000 Uncommon trap: trap_request=0xffffffde fr.pc=0x00000256c5ce9cc4 relative=0x0000000000000764
Event: 374.222 Thread 0x00000256dca85000 Uncommon trap: reason=class_check action=maybe_recompile pc=0x00000256c5ce9cc4 method=java.security.MessageDigest$Delegate.clone()Ljava/lang/Object; @ 4 c2
Event: 374.222 Thread 0x00000256dca85000 DEOPT PACKING pc=0x00000256c5ce9cc4 sp=0x0000007431efb360
Event: 374.222 Thread 0x00000256dca85000 DEOPT UNPACKING pc=0x00000256bdb96ca9 sp=0x0000007431efb330 mode 2
Event: 374.225 Thread 0x00000256dca85000 Uncommon trap: trap_request=0xffffffde fr.pc=0x00000256c5ce9cc4 relative=0x0000000000000764
Event: 374.226 Thread 0x00000256dca85000 Uncommon trap: reason=class_check action=maybe_recompile pc=0x00000256c5ce9cc4 method=java.security.MessageDigest$Delegate.clone()Ljava/lang/Object; @ 4 c2
Event: 374.226 Thread 0x00000256dca85000 DEOPT PACKING pc=0x00000256c5ce9cc4 sp=0x0000007431efbeb0
Event: 374.226 Thread 0x00000256dca85000 DEOPT UNPACKING pc=0x00000256bdb96ca9 sp=0x0000007431efbe80 mode 2
Event: 374.348 Thread 0x00000256dca85000 Uncommon trap: trap_request=0xffffff4d fr.pc=0x00000256c5d34c60 relative=0x0000000000000040
Event: 374.348 Thread 0x00000256dca85000 Uncommon trap: reason=unstable_if action=reinterpret pc=0x00000256c5d34c60 method=com.android.tools.r8.internal.AA.a(Ljava/lang/Object;[Lcom/android/tools/r8/internal/yf;I)Ljava/lang/Object; @ 5 c2
Event: 374.348 Thread 0x00000256dca85000 DEOPT PACKING pc=0x00000256c5d34c60 sp=0x0000007431efc160
Event: 374.348 Thread 0x00000256dca85000 DEOPT UNPACKING pc=0x00000256bdb96ca9 sp=0x0000007431efc110 mode 2
Event: 375.288 Thread 0x00000256dca85000 Uncommon trap: trap_request=0xffffff4d fr.pc=0x00000256c5d35668 relative=0x00000000000006e8
Event: 375.288 Thread 0x00000256dca85000 Uncommon trap: reason=unstable_if action=reinterpret pc=0x00000256c5d35668 method=com.android.tools.r8.graph.c0.L()Z @ 33 c2
Event: 375.288 Thread 0x00000256dca85000 DEOPT PACKING pc=0x00000256c5d35668 sp=0x0000007431efb450
Event: 375.288 Thread 0x00000256dca85000 DEOPT UNPACKING pc=0x00000256bdb96ca9 sp=0x0000007431efb428 mode 2

Classes redefined (0 events):
No events

Internal exceptions (20 events):
Event: 367.486 Thread 0x00000256dca85000 Exception <a 'java/lang/NoSuchMethodError'{0x00000000874c3138}: 'java.lang.Object java.lang.invoke.DirectMethodHandle$Holder.invokeStatic(java.lang.Object, java.lang.Object, java.lang.Object, java.lang.Object, java.lang.Object, java.lang.Object, java.lang.Object, java.lang.Object, java.lang.Object, java.lang.Object, java.lang.Object, java.lang.Object, java.lang.Object, java.lang.Object, java.lang.Object, java.lang.Object, java.lang.Object, java.lang.Object, int, java.lang.Object)'> (0x00000000874c3138) thr
Event: 367.495 Thread 0x00000256dca85000 Exception <a 'java/lang/NoSuchMethodError'{0x00000000874c8c70}: 'java.lang.Object java.lang.invoke.DirectMethodHandle$Holder.invokeStaticInit(java.lang.Object, java.lang.Object, java.lang.Object, java.lang.Object, java.lang.Object, java.lang.Object, java.lang.Object, java.lang.Object, java.lang.Object, java.lang.Object, java.lang.Object, java.lang.Object, java.lang.Object, java.lang.Object, java.lang.Object, java.lang.Object, java.lang.Object, java.lang.Object, int, java.lang.Object)'> (0x00000000874c8c70)
Event: 368.244 Thread 0x00000256dca85000 Exception <a 'java/lang/IncompatibleClassChangeError'{0x00000000873ac4e8}: Found class java.lang.Object, but interface was expected> (0x00000000873ac4e8) thrown at [./src/hotspot/share/interpreter/linkResolver.cpp, line 839]
Event: 369.924 Thread 0x00000256dca85000 Exception <a 'java/lang/NoSuchMethodError'{0x0000000086f498f8}: 'int java.lang.invoke.DirectMethodHandle$Holder.invokeVirtual(java.lang.Object, java.lang.Object, java.lang.Object, java.lang.Object)'> (0x0000000086f498f8) thrown at [./src/hotspot/share/interpreter/linkResolver.cpp, line 773]
Event: 370.428 Thread 0x00000256dca85000 Exception <a 'java/lang/NoSuchMethodError'{0x0000000086e87c20}: 'long java.lang.invoke.DirectMethodHandle$Holder.invokeStatic(java.lang.Object, java.lang.Object)'> (0x0000000086e87c20) thrown at [./src/hotspot/share/interpreter/linkResolver.cpp, line 773]
Event: 370.963 Thread 0x00000256dca85000 Exception <a 'java/lang/IncompatibleClassChangeError'{0x0000000086ae35d0}: Found class java.lang.Object, but interface was expected> (0x0000000086ae35d0) thrown at [./src/hotspot/share/interpreter/linkResolver.cpp, line 839]
Event: 370.968 Thread 0x00000256dca85000 Exception <a 'java/lang/NoSuchMethodError'{0x0000000086ae9460}: 'java.lang.Object java.lang.invoke.DirectMethodHandle$Holder.newInvokeSpecial(java.lang.Object, int)'> (0x0000000086ae9460) thrown at [./src/hotspot/share/interpreter/linkResolver.cpp, line 773]
Event: 370.977 Thread 0x00000256dca85000 Exception <a 'java/lang/IncompatibleClassChangeError'{0x0000000086af53a0}: Found class java.lang.Object, but interface was expected> (0x0000000086af53a0) thrown at [./src/hotspot/share/interpreter/linkResolver.cpp, line 839]
Event: 370.979 Thread 0x00000256dca85000 Exception <a 'java/lang/IncompatibleClassChangeError'{0x0000000086afd9d0}: Found class java.lang.Object, but interface was expected> (0x0000000086afd9d0) thrown at [./src/hotspot/share/interpreter/linkResolver.cpp, line 839]
Event: 371.148 Thread 0x00000256dca85000 Exception <a 'java/lang/NoSuchMethodError'{0x00000000875e41b8}: 'void java.lang.invoke.DirectMethodHandle$Holder.invokeStatic(java.lang.Object, java.lang.Object, java.lang.Object, int)'> (0x00000000875e41b8) thrown at [./src/hotspot/share/interpreter/linkResolver.cpp, line 773]
Event: 371.151 Thread 0x00000256dca85000 Exception <a 'java/lang/IncompatibleClassChangeError'{0x00000000875ebf20}: Found class java.lang.Object, but interface was expected> (0x00000000875ebf20) thrown at [./src/hotspot/share/interpreter/linkResolver.cpp, line 839]
Event: 371.254 Thread 0x00000256dca85000 Exception <a 'java/lang/NoSuchMethodError'{0x000000008740be18}: 'int java.lang.invoke.DirectMethodHandle$Holder.invokeVirtual(java.lang.Object, java.lang.Object, java.lang.Object)'> (0x000000008740be18) thrown at [./src/hotspot/share/interpreter/linkResolver.cpp, line 773]
Event: 372.639 Thread 0x00000256dca85000 Exception <a 'java/lang/NoSuchMethodError'{0x0000000087021198}: 'java.lang.Object java.lang.invoke.DirectMethodHandle$Holder.invokeStatic(java.lang.Object, int, java.lang.Object, java.lang.Object)'> (0x0000000087021198) thrown at [./src/hotspot/share/interpreter/linkResolver.cpp, line 773]
Event: 372.677 Thread 0x00000256dca85000 Exception <a 'java/lang/NoSuchMethodError'{0x00000000870c22f8}: 'java.lang.Object java.lang.invoke.Invokers$Holder.linkToTargetMethod(java.lang.Object, java.lang.Object, java.lang.Object, java.lang.Object, java.lang.Object, java.lang.Object, java.lang.Object, java.lang.Object)'> (0x00000000870c22f8) thrown at [./src/hotspot/share/interpreter/linkResolver.cpp, line 773]
Event: 372.928 Thread 0x00000256dca85000 Exception <a 'java/lang/NoSuchMethodError'{0x0000000086f4f0c8}: 'java.lang.Object java.lang.invoke.Invokers$Holder.linkToTargetMethod(java.lang.Object, java.lang.Object, java.lang.Object, java.lang.Object, java.lang.Object, java.lang.Object, java.lang.Object)'> (0x0000000086f4f0c8) thrown at [./src/hotspot/share/interpreter/linkResolver.cpp, line 773]
Event: 373.338 Thread 0x00000256dca85000 Exception <a 'java/lang/NoSuchMethodError'{0x0000000086c8cd38}: 'java.lang.Object java.lang.invoke.DirectMethodHandle$Holder.invokeVirtual(java.lang.Object, java.lang.Object, int, java.lang.Object)'> (0x0000000086c8cd38) thrown at [./src/hotspot/share/interpreter/linkResolver.cpp, line 773]
Event: 373.577 Thread 0x00000256dca85000 Exception <a 'java/lang/NoSuchMethodError'{0x00000000876a4c30}: 'void java.lang.invoke.DirectMethodHandle$Holder.invokeVirtual(java.lang.Object, java.lang.Object, int, java.lang.Object)'> (0x00000000876a4c30) thrown at [./src/hotspot/share/interpreter/linkResolver.cpp, line 773]
Event: 374.197 Thread 0x00000256dca85000 Exception <a 'java/lang/NoSuchMethodError'{0x000000008727e528}: 'java.lang.Object java.lang.invoke.DirectMethodHandle$Holder.invokeSpecial(java.lang.Object, java.lang.Object, java.lang.Object, java.lang.Object, java.lang.Object, java.lang.Object, java.lang.Object, java.lang.Object, java.lang.Object, java.lang.Object, java.lang.Object)'> (0x000000008727e528) thrown at [./src/hotspot/share/interpreter/linkResolver.cpp, line 773]
Event: 374.200 Thread 0x00000256dca85000 Exception <a 'java/lang/NoSuchMethodError'{0x0000000087289998}: 'java.lang.Object java.lang.invoke.Invokers$Holder.linkToTargetMethod(java.lang.Object, java.lang.Object, java.lang.Object, java.lang.Object, java.lang.Object, java.lang.Object, java.lang.Object, java.lang.Object, java.lang.Object, java.lang.Object)'> (0x0000000087289998) thrown at [./src/hotspot/share/interpreter/linkResolver.cpp, line 773]
Event: 374.226 Thread 0x00000256dca85000 Exception <a 'java/lang/IncompatibleClassChangeError'{0x00000000872ea288}: Found class java.lang.Object, but interface was expected> (0x00000000872ea288) thrown at [./src/hotspot/share/interpreter/linkResolver.cpp, line 839]

Events (20 events):
Event: 374.970 loading class com/android/tools/r8/code/e
Event: 374.970 loading class com/android/tools/r8/code/e done
Event: 374.970 loading class com/android/tools/r8/code/b
Event: 374.970 loading class com/android/tools/r8/code/b done
Event: 374.971 loading class com/android/tools/r8/code/i
Event: 374.971 loading class com/android/tools/r8/code/i done
Event: 374.993 Executing VM operation: G1CollectForAllocation
Event: 375.008 Executing VM operation: G1CollectForAllocation done
Event: 375.169 loading class com/android/tools/r8/internal/Fg
Event: 375.169 loading class com/android/tools/r8/internal/Fg done
Event: 375.169 loading class com/android/tools/r8/internal/h2
Event: 375.169 loading class com/android/tools/r8/internal/h2 done
Event: 375.170 loading class com/android/tools/r8/internal/Fg
Event: 375.170 loading class com/android/tools/r8/internal/Fg done
Event: 375.170 loading class com/android/tools/r8/internal/Fg
Event: 375.170 loading class com/android/tools/r8/internal/Fg done
Event: 375.170 loading class com/android/tools/r8/internal/Fg
Event: 375.170 loading class com/android/tools/r8/internal/Fg done
Event: 375.215 Executing VM operation: RevokeBias
Event: 375.216 Executing VM operation: RevokeBias done


Dynamic libraries:
0x00007ff66b950000 - 0x00007ff66b95a000 	C:\Program Files\Android\Android Studio\jre\bin\java.exe
0x00007ffd25290000 - 0x00007ffd25485000 	C:\WINDOWS\SYSTEM32\ntdll.dll
0x00007ffd23bd0000 - 0x00007ffd23c8e000 	C:\WINDOWS\System32\KERNEL32.DLL
0x00007ffd22cc0000 - 0x00007ffd22f88000 	C:\WINDOWS\System32\KERNELBASE.dll
0x00007ffd22f90000 - 0x00007ffd23090000 	C:\WINDOWS\System32\ucrtbase.dll
0x00007ffcdd290000 - 0x00007ffcdd2a9000 	C:\Program Files\Android\Android Studio\jre\bin\jli.dll
0x00007ffcdd190000 - 0x00007ffcdd1a7000 	C:\Program Files\Android\Android Studio\jre\bin\VCRUNTIME140.dll
0x00007ffd23a20000 - 0x00007ffd23bc1000 	C:\WINDOWS\System32\USER32.dll
0x00007ffd22a90000 - 0x00007ffd22ab2000 	C:\WINDOWS\System32\win32u.dll
0x00007ffd0d7f0000 - 0x00007ffd0da8a000 	C:\WINDOWS\WinSxS\amd64_microsoft.windows.common-controls_6595b64144ccf1df_6.0.19041.1110_none_60b5254171f9507e\COMCTL32.dll
0x00007ffd24850000 - 0x00007ffd2487b000 	C:\WINDOWS\System32\GDI32.dll
0x00007ffd251a0000 - 0x00007ffd2523e000 	C:\WINDOWS\System32\msvcrt.dll
0x00007ffd22ac0000 - 0x00007ffd22bcb000 	C:\WINDOWS\System32\gdi32full.dll
0x00007ffd22bd0000 - 0x00007ffd22c6d000 	C:\WINDOWS\System32\msvcp_win.dll
0x00007ffd25170000 - 0x00007ffd251a0000 	C:\WINDOWS\System32\IMM32.DLL
0x00007ffcc94c0000 - 0x00007ffcc955d000 	C:\Program Files\Android\Android Studio\jre\bin\msvcp140.dll
0x00007ffcb05d0000 - 0x00007ffcb109f000 	C:\Program Files\Android\Android Studio\jre\bin\server\jvm.dll
0x00007ffd23d10000 - 0x00007ffd23dbc000 	C:\WINDOWS\System32\ADVAPI32.dll
0x00007ffd24270000 - 0x00007ffd2430b000 	C:\WINDOWS\System32\sechost.dll
0x00007ffd23de0000 - 0x00007ffd23f0a000 	C:\WINDOWS\System32\RPCRT4.dll
0x00007ffd24950000 - 0x00007ffd24958000 	C:\WINDOWS\System32\PSAPI.DLL
0x00007ffd19090000 - 0x00007ffd19099000 	C:\WINDOWS\SYSTEM32\WSOCK32.dll
0x00007ffd17570000 - 0x00007ffd17597000 	C:\WINDOWS\SYSTEM32\WINMM.dll
0x00007ffd24a20000 - 0x00007ffd24a8b000 	C:\WINDOWS\System32\WS2_32.dll
0x00007ffd15130000 - 0x00007ffd1513a000 	C:\WINDOWS\SYSTEM32\VERSION.dll
0x00007ffd21580000 - 0x00007ffd21592000 	C:\WINDOWS\SYSTEM32\kernel.appcore.dll
0x00007ffd14dd0000 - 0x00007ffd14de1000 	C:\Program Files\Android\Android Studio\jre\bin\verify.dll
0x00007ffd207c0000 - 0x00007ffd209a4000 	C:\WINDOWS\SYSTEM32\DBGHELP.DLL
0x00007ffd13a90000 - 0x00007ffd13abc000 	C:\WINDOWS\SYSTEM32\dbgcore.DLL
0x00007ffd23250000 - 0x00007ffd232d3000 	C:\WINDOWS\System32\bcryptPrimitives.dll
0x00007ffd0e2a0000 - 0x00007ffd0e2c9000 	C:\Program Files\Android\Android Studio\jre\bin\java.dll
0x00007ffd0e290000 - 0x00007ffd0e29b000 	C:\Program Files\Android\Android Studio\jre\bin\jimage.dll
0x00007ffd0e270000 - 0x00007ffd0e288000 	C:\Program Files\Android\Android Studio\jre\bin\zip.dll
0x00007ffd232e0000 - 0x00007ffd23a1f000 	C:\WINDOWS\System32\SHELL32.dll
0x00007ffd209b0000 - 0x00007ffd21140000 	C:\WINDOWS\SYSTEM32\windows.storage.dll
0x00007ffd23f10000 - 0x00007ffd24265000 	C:\WINDOWS\System32\combase.dll
0x00007ffd22390000 - 0x00007ffd223be000 	C:\WINDOWS\SYSTEM32\Wldp.dll
0x00007ffd24bc0000 - 0x00007ffd24c6d000 	C:\WINDOWS\System32\SHCORE.dll
0x00007ffd249c0000 - 0x00007ffd24a15000 	C:\WINDOWS\System32\shlwapi.dll
0x00007ffd228f0000 - 0x00007ffd2290f000 	C:\WINDOWS\SYSTEM32\profapi.dll
0x00007ffd0e250000 - 0x00007ffd0e26a000 	C:\Program Files\Android\Android Studio\jre\bin\net.dll
0x00007ffd1d2e0000 - 0x00007ffd1d3ec000 	C:\WINDOWS\SYSTEM32\WINHTTP.dll
0x00007ffd22090000 - 0x00007ffd220fa000 	C:\WINDOWS\system32\mswsock.dll
0x00007ffced800000 - 0x00007ffced814000 	C:\Program Files\Android\Android Studio\jre\bin\nio.dll
0x00007ffccc6a0000 - 0x00007ffccc6c7000 	C:\Users\Aldair\.gradle\native\8bec1ad78214c89d9ad589b4d07fe93259594b29d510b10fafb7a158f7737e5d\windows-amd64\native-platform.dll
0x00007ffcafd80000 - 0x00007ffcafebd000 	C:\Users\Aldair\.gradle\native\53dbd7edfb1c66fb8903c78663c9afc45aea4f116125fa6feffd364cf09443e8\windows-amd64\native-platform-file-events.dll
0x00007ffd0e240000 - 0x00007ffd0e24a000 	C:\Program Files\Android\Android Studio\jre\bin\management.dll
0x00007ffcfcfa0000 - 0x00007ffcfcfac000 	C:\Program Files\Android\Android Studio\jre\bin\management_ext.dll
0x00007ffd22280000 - 0x00007ffd22298000 	C:\WINDOWS\SYSTEM32\CRYPTSP.dll
0x00007ffd21a10000 - 0x00007ffd21a44000 	C:\WINDOWS\system32\rsaenh.dll
0x00007ffd22a60000 - 0x00007ffd22a87000 	C:\WINDOWS\System32\bcrypt.dll
0x00007ffd22870000 - 0x00007ffd2289e000 	C:\WINDOWS\SYSTEM32\USERENV.dll
0x00007ffd222a0000 - 0x00007ffd222ac000 	C:\WINDOWS\SYSTEM32\CRYPTBASE.dll
0x00007ffd21d80000 - 0x00007ffd21dbb000 	C:\WINDOWS\SYSTEM32\IPHLPAPI.DLL
0x00007ffd25240000 - 0x00007ffd25248000 	C:\WINDOWS\System32\NSI.dll
0x00007ffd1cf30000 - 0x00007ffd1cf47000 	C:\WINDOWS\SYSTEM32\dhcpcsvc6.DLL
0x00007ffd1cee0000 - 0x00007ffd1cefd000 	C:\WINDOWS\SYSTEM32\dhcpcsvc.DLL
0x00007ffd21dc0000 - 0x00007ffd21e8b000 	C:\WINDOWS\SYSTEM32\DNSAPI.dll
0x00007ffd0e2f0000 - 0x00007ffd0e30e000 	C:\Users\Aldair\AppData\Local\Temp\native-platform82820262059506617dir\native-platform.dll
0x00007ffd0e2e0000 - 0x00007ffd0e2e8000 	C:\Program Files\Android\Android Studio\jre\bin\rmi.dll

dbghelp: loaded successfully - version: 4.0.5 - missing functions: none
symbol engine: initialized successfully - sym options: 0x614 - pdb path: .;C:\Program Files\Android\Android Studio\jre\bin;C:\WINDOWS\SYSTEM32;C:\WINDOWS\WinSxS\amd64_microsoft.windows.common-controls_6595b64144ccf1df_6.0.19041.1110_none_60b5254171f9507e;C:\Program Files\Android\Android Studio\jre\bin\server;C:\Users\Aldair\.gradle\native\8bec1ad78214c89d9ad589b4d07fe93259594b29d510b10fafb7a158f7737e5d\windows-amd64;C:\Users\Aldair\.gradle\native\53dbd7edfb1c66fb8903c78663c9afc45aea4f116125fa6feffd364cf09443e8\windows-amd64;C:\Users\Aldair\AppData\Local\Temp\native-platform82820262059506617dir

VM Arguments:
jvm_args: --add-opens=java.base/java.util=ALL-UNNAMED --add-opens=java.base/java.lang=ALL-UNNAMED --add-opens=java.base/java.lang.invoke=ALL-UNNAMED --add-opens=java.base/java.util=ALL-UNNAMED --add-opens=java.prefs/java.util.prefs=ALL-UNNAMED --add-opens=java.prefs/java.util.prefs=ALL-UNNAMED --add-opens=java.base/java.nio.charset=ALL-UNNAMED --add-opens=java.base/java.net=ALL-UNNAMED --add-opens=java.base/java.util.concurrent.atomic=ALL-UNNAMED -Xmx2048m -Dfile.encoding=UTF-8 -Duser.country=ES -Duser.language=es -Duser.variant 
java_command: org.gradle.launcher.daemon.bootstrap.GradleDaemon 7.0.2
java_class_path (initial): C:\Users\Aldair\.gradle\wrapper\dists\gradle-7.0.2-bin\857tjihv64xamwrf0h14cai3r\gradle-7.0.2\lib\gradle-launcher-7.0.2.jar
Launcher Type: SUN_STANDARD

[Global flags]
     intx CICompilerCount                          = 2                                         {product} {ergonomic}
     uint ConcGCThreads                            = 1                                         {product} {ergonomic}
     uint G1ConcRefinementThreads                  = 2                                         {product} {ergonomic}
   size_t G1HeapRegionSize                         = 1048576                                   {product} {ergonomic}
    uintx GCDrainStackTargetSize                   = 64                                        {product} {ergonomic}
   size_t InitialHeapSize                          = 67108864                                  {product} {ergonomic}
   size_t MarkStackSize                            = 4194304                                   {product} {ergonomic}
   size_t MaxHeapSize                              = 2147483648                                {product} {command line}
   size_t MaxNewSize                               = 1287651328                                {product} {ergonomic}
   size_t MinHeapDeltaBytes                        = 1048576                                   {product} {ergonomic}
    uintx NonNMethodCodeHeapSize                   = 5825164                                {pd product} {ergonomic}
    uintx NonProfiledCodeHeapSize                  = 122916538                              {pd product} {ergonomic}
    uintx ProfiledCodeHeapSize                     = 122916538                              {pd product} {ergonomic}
    uintx ReservedCodeCacheSize                    = 251658240                              {pd product} {ergonomic}
     bool SegmentedCodeCache                       = true                                      {product} {ergonomic}
     bool UseCompressedClassPointers               = true                                 {lp64_product} {ergonomic}
     bool UseCompressedOops                        = true                                 {lp64_product} {ergonomic}
     bool UseG1GC                                  = true                                      {product} {ergonomic}
     bool UseLargePagesIndividualAllocation        = false                                  {pd product} {ergonomic}

Logging:
Log output configuration:
 #0: stdout all=warning uptime,level,tags
 #1: stderr all=off uptime,level,tags

Environment Variables:
PATH=C:\Program Files\Microsoft MPI\Bin\;C:\Program Files (x86)\Embarcadero\Studio\20.0\bin;C:\Users\Public\Documents\Embarcadero\Studio\20.0\Bpl;C:\Program Files (x86)\Embarcadero\Studio\20.0\bin64;C:\Users\Public\Documents\Embarcadero\Studio\20.0\Bpl\Win64;C:\ProgramData\Oracle\Java\javapath;C:\Program Files (x86)\Common Files\Oracle\Java\javapath;C:\Program Files (x86)\Intel\TXE Components\TCS\;C:\Program Files\Intel\TXE Components\TCS\;C:\WINDOWS\system32;C:\WINDOWS;C:\WINDOWS\System32\Wbem;C:\WINDOWS\System32\WindowsPowerShell\v1.0\;C:\Program Files\Intel\TXE Components\DAL\;C:\Program Files (x86)\Intel\TXE Components\DAL\;C:\Program Files\Intel\TXE Components\IPT\;C:\Program Files (x86)\Intel\TXE Components\IPT\;C:\WINDOWS\System32\OpenSSH\;C:\Program Files\PuTTY\;C:\xampp\php;C:\Program Files\Git\cmd;C:\Program Files\Git\mingw64\bin;C:\Program Files\Git\usr\bin;C:\WINDOWS\SysWOW64\;C:\WINDOWS\SysWOW64\1033;C:\Program Files (x86)\Microsoft SQL Server\150\Tools\Binn\;C:\Program Files\Microsoft SQL Server\150\Tools\Binn\;C:\Program Files (x86)\Microsoft SQL Server\150\DTS\Binn\;C:\Program Files\Microsoft SQL Server\150\DTS\Binn\;C:\Program Files\Microsoft SQL Server\Client SDK\ODBC\170\Tools\Binn\;C:\Program Files\Azure Data Studio\bin;C:\Program Files\dotnet\;C:\Program Files\nodejs\;C:\Program Files\Microsoft SQL Server\130\Tools\Binn\;C:\Program Files (x86)\ZeroTier\One\;C:\Users\Aldair\AppData\Roaming\npm;C:\Program Files\Java\jdk1.8.0_251\bin;C:\Program Files\MySQL\MySQL Shell 8.0\bin\;C:\Users\Aldair\AppData\Local\Programs\Python\Python38-32\Scripts\;C:\Users\Aldair\AppData\Local\Programs\Python\Python38-32\;C:\Users\Aldair\AppData\Local\Programs\Python\Python37-32\Scripts\;C:\Users\Aldair\AppData\Local\Programs\Python\Python37-32\;C:\Users\Aldair\AppData\Local\Microsoft\WindowsApps;C:\Users\Aldair\AppData\Local\Programs\Microsoft VS Code\bin;C:\Program Files\Azure Data Studio\bin;C:\Users\Aldair\.dotnet\tools;C:\Users\Aldair\AppData\Roaming\npm;C:\Program Fi
USERNAME=Aldair
OS=Windows_NT
PROCESSOR_IDENTIFIER=Intel64 Family 6 Model 76 Stepping 4, GenuineIntel



---------------  S Y S T E M  ---------------

OS: Windows 10 , 64 bit Build 19041 (10.0.19041.1348)
OS uptime: 0 days 5:48 hours

CPU:total 2 (initial active 2) (2 cores per cpu, 1 threads per core) family 6 model 76 stepping 4 microcode 0x411, cmov, cx8, fxsr, mmx, sse, sse2, sse3, ssse3, sse4.1, sse4.2, popcnt, aes, clmul, erms, 3dnowpref, tsc, tscinvbit

Memory: 4k page, system-wide physical 4009M (609M free)
TotalPageFile size 9641M (AvailPageFile size 3050M)
current process WorkingSet (physical memory assigned to process): 353M, peak: 354M
current process commit charge ("private bytes"): 395M, peak: 395M

vm_info: OpenJDK 64-Bit Server VM (11.0.10+0-b96-7249189) for windows-amd64 JRE (11.0.10+0-b96-7249189), built on Mar 31 2021 21:44:00 by "builder" with MS VC++ 14.0 (VS2015)

END.
